newsreader/build/outputs/logs/manifest-merger-debug-report.txt
-- Merging decision tree log ---
manifest
ADDED from src\main\AndroidManifest.xml:17:1-39:12
	package
		ADDED from src\main\AndroidManifest.xml:18:7-47
		INJECTED from src\main\AndroidManifest.xml
		INJECTED from src\main\AndroidManifest.xml
	android:versionName
		ADDED from src\main\AndroidManifest.xml:20:7-32
		INJECTED from src\main\AndroidManifest.xml
		INJECTED from src\main\AndroidManifest.xml
	android:versionCode
		ADDED from src\main\AndroidManifest.xml:19:7-30
		INJECTED from src\main\AndroidManifest.xml
		INJECTED from src\main\AndroidManifest.xml
	xmlns:android
		ADDED from src\main\AndroidManifest.xml:17:11-69
uses-sdk
ADDED from src\main\AndroidManifest.xml:21:5-73
	android:targetSdkVersion
		ADDED from src\main\AndroidManifest.xml:21:41-70
		INJECTED from src\main\AndroidManifest.xml
		INJECTED from src\main\AndroidManifest.xml
	android:minSdkVersion
		ADDED from src\main\AndroidManifest.xml:21:15-40
		INJECTED from src\main\AndroidManifest.xml
		INJECTED from src\main\AndroidManifest.xml
supports-screens
ADDED from src\main\AndroidManifest.xml:22:5-26:40
	android:largeScreens
		ADDED from src\main\AndroidManifest.xml:25:9-36
	android:smallScreens
		ADDED from src\main\AndroidManifest.xml:23:9-36
	android:normalScreens
		ADDED from src\main\AndroidManifest.xml:24:9-37
	android:xlargeScreens
		ADDED from src\main\AndroidManifest.xml:26:9-37
application
ADDED from src\main\AndroidManifest.xml:28:5-38:19
	android:label
		ADDED from src\main\AndroidManifest.xml:28:48-80
	android:icon
		ADDED from src\main\AndroidManifest.xml:28:18-47
	android:theme
		ADDED from src\main\AndroidManifest.xml:29:48-86
	android:logo
		ADDED from src\main\AndroidManifest.xml:29:18-47
activity#com.example.android.newsreader.NewsReaderActivity
ADDED from src\main\AndroidManifest.xml:30:9-35:20
	android:label
		ADDED from src\main\AndroidManifest.xml:30:54-86
	android:name
		ADDED from src\main\AndroidManifest.xml:30:19-53
intent-filter#android.intent.action.MAIN+android.intent.category.LAUNCHER
ADDED from src\main\AndroidManifest.xml:31:13-34:29
action#android.intent.action.MAIN
ADDED from src\main\AndroidManifest.xml:32:17-69
	android:name
		ADDED from src\main\AndroidManifest.xml:32:25-66
category#android.intent.category.LAUNCHER
ADDED from src\main\AndroidManifest.xml:33:17-77
	android:name
		ADDED from src\main\AndroidManifest.xml:33:27-74
activity#com.example.android.newsreader.ArticleActivity
ADDED from src\main\AndroidManifest.xml:36:9-37:72
	android:theme
		ADDED from src\main\AndroidManifest.xml:37:19-69
	android:name
		ADDED from src\main\AndroidManifest.xml:36:19-50